{"E:\\ProjectWebsite_Mutabaah-Mahasiswa\\backend\\src\\app.js": {"path":"E:\\ProjectWebsite_Mutabaah-Mahasiswa\\backend\\src\\app.js","statementMap":{"0":{"start":{"line":2,"column":0},"end":{"line":2,"column":46}},"1":{"start":{"line":3,"column":16},"end":{"line":3,"column":34}},"2":{"start":{"line":4,"column":13},"end":{"line":4,"column":28}},"3":{"start":{"line":5,"column":13},"end":{"line":5,"column":28}},"4":{"start":{"line":6,"column":18},"end":{"line":6,"column":40}},"5":{"start":{"line":7,"column":19},"end":{"line":7,"column":50}},"6":{"start":{"line":8,"column":23},"end":{"line":8,"column":58}},"7":{"start":{"line":10,"column":12},"end":{"line":10,"column":21}},"8":{"start":{"line":11,"column":0},"end":{"line":11,"column":12}},"9":{"start":{"line":13,"column":0},"end":{"line":13,"column":16}},"10":{"start":{"line":14,"column":0},"end":{"line":14,"column":24}},"11":{"start":{"line":17,"column":0},"end":{"line":17,"column":33}},"12":{"start":{"line":18,"column":0},"end":{"line":18,"column":41}},"13":{"start":{"line":21,"column":0},"end":{"line":21,"column":59}},"14":{"start":{"line":24,"column":0},"end":{"line":26,"column":3}},"15":{"start":{"line":25,"column":4},"end":{"line":25,"column":66}},"16":{"start":{"line":28,"column":13},"end":{"line":28,"column":37}},"17":{"start":{"line":29,"column":0},"end":{"line":31,"column":1}},"18":{"start":{"line":30,"column":4},"end":{"line":30,"column":69}},"19":{"start":{"line":30,"column":27},"end":{"line":30,"column":67}},"20":{"start":{"line":32,"column":0},"end":{"line":32,"column":21}}},"fnMap":{"0":{"name":"(anonymous_0)","decl":{"start":{"line":24,"column":34},"end":{"line":24,"column":35}},"loc":{"start":{"line":24,"column":48},"end":{"line":26,"column":1}},"line":24},"1":{"name":"(anonymous_1)","decl":{"start":{"line":30,"column":21},"end":{"line":30,"column":22}},"loc":{"start":{"line":30,"column":27},"end":{"line":30,"column":67}},"line":30}},"branchMap":{"0":{"loc":{"start":{"line":28,"column":13},"end":{"line":28,"column":37}},"type":"binary-expr","locations":[{"start":{"line":28,"column":13},"end":{"line":28,"column":29}},{"start":{"line":28,"column":33},"end":{"line":28,"column":37}}],"line":28},"1":{"loc":{"start":{"line":29,"column":0},"end":{"line":31,"column":1}},"type":"if","locations":[{"start":{"line":29,"column":0},"end":{"line":31,"column":1}},{"start":{},"end":{}}],"line":29}},"s":{"0":2,"1":2,"2":2,"3":2,"4":2,"5":2,"6":2,"7":2,"8":2,"9":2,"10":2,"11":2,"12":2,"13":2,"14":2,"15":0,"16":2,"17":2,"18":0,"19":0,"20":2},"f":{"0":0,"1":0},"b":{"0":[2,0],"1":[0,2]},"_coverageSchema":"1a1c01bbd47fc00a2c39e90264f33305004495a9","hash":"355dda474c5b564f6fd28ee4c2fb632517fed0d1"}
,"E:\\ProjectWebsite_Mutabaah-Mahasiswa\\backend\\src\\config\\db.js": {"path":"E:\\ProjectWebsite_Mutabaah-Mahasiswa\\backend\\src\\config\\db.js","statementMap":{"0":{"start":{"line":1,"column":17},"end":{"line":1,"column":36}},"1":{"start":{"line":2,"column":13},"end":{"line":2,"column":28}},"2":{"start":{"line":5,"column":0},"end":{"line":5,"column":74}},"3":{"start":{"line":7,"column":18},"end":{"line":23,"column":1}},"4":{"start":{"line":8,"column":4},"end":{"line":11,"column":5}},"5":{"start":{"line":10,"column":8},"end":{"line":10,"column":15}},"6":{"start":{"line":12,"column":4},"end":{"line":22,"column":5}},"7":{"start":{"line":13,"column":20},"end":{"line":13,"column":41}},"8":{"start":{"line":14,"column":8},"end":{"line":16,"column":9}},"9":{"start":{"line":15,"column":12},"end":{"line":15,"column":86}},"10":{"start":{"line":17,"column":8},"end":{"line":17,"column":36}},"11":{"start":{"line":18,"column":8},"end":{"line":18,"column":76}},"12":{"start":{"line":20,"column":8},"end":{"line":20,"column":57}},"13":{"start":{"line":21,"column":8},"end":{"line":21,"column":24}},"14":{"start":{"line":25,"column":0},"end":{"line":25,"column":27}}},"fnMap":{"0":{"name":"(anonymous_0)","decl":{"start":{"line":7,"column":18},"end":{"line":7,"column":19}},"loc":{"start":{"line":7,"column":30},"end":{"line":23,"column":1}},"line":7}},"branchMap":{"0":{"loc":{"start":{"line":8,"column":4},"end":{"line":11,"column":5}},"type":"if","locations":[{"start":{"line":8,"column":4},"end":{"line":11,"column":5}},{"start":{},"end":{}}],"line":8},"1":{"loc":{"start":{"line":14,"column":8},"end":{"line":16,"column":9}},"type":"if","locations":[{"start":{"line":14,"column":8},"end":{"line":16,"column":9}},{"start":{},"end":{}}],"line":14}},"s":{"0":2,"1":2,"2":2,"3":2,"4":2,"5":2,"6":0,"7":0,"8":0,"9":0,"10":0,"11":0,"12":0,"13":0,"14":2},"f":{"0":2},"b":{"0":[2,0],"1":[0,0]},"_coverageSchema":"1a1c01bbd47fc00a2c39e90264f33305004495a9","hash":"dc3ca7fe1cdd9d36c19c62933569a85e065e12c5"}
,"E:\\ProjectWebsite_Mutabaah-Mahasiswa\\backend\\src\\controllers\\auth.controller.js": {"path":"E:\\ProjectWebsite_Mutabaah-Mahasiswa\\backend\\src\\controllers\\auth.controller.js","statementMap":{"0":{"start":{"line":2,"column":13},"end":{"line":2,"column":38}},"1":{"start":{"line":3,"column":15},"end":{"line":3,"column":34}},"2":{"start":{"line":4,"column":12},"end":{"line":4,"column":35}},"3":{"start":{"line":5,"column":15},"end":{"line":5,"column":32}},"4":{"start":{"line":6,"column":19},"end":{"line":6,"column":40}},"5":{"start":{"line":7,"column":19},"end":{"line":7,"column":50}},"6":{"start":{"line":9,"column":0},"end":{"line":69,"column":2}},"7":{"start":{"line":11,"column":56},"end":{"line":11,"column":64}},"8":{"start":{"line":14,"column":4},"end":{"line":14,"column":63}},"9":{"start":{"line":16,"column":4},"end":{"line":68,"column":5}},"10":{"start":{"line":18,"column":27},"end":{"line":23,"column":10}},"11":{"start":{"line":25,"column":8},"end":{"line":28,"column":9}},"12":{"start":{"line":26,"column":12},"end":{"line":26,"column":78}},"13":{"start":{"line":27,"column":12},"end":{"line":27,"column":85}},"14":{"start":{"line":31,"column":26},"end":{"line":31,"column":41}},"15":{"start":{"line":34,"column":28},"end":{"line":34,"column":65}},"16":{"start":{"line":35,"column":8},"end":{"line":37,"column":9}},"17":{"start":{"line":36,"column":12},"end":{"line":36,"column":100}},"18":{"start":{"line":40,"column":24},"end":{"line":43,"column":10}},"19":{"start":{"line":45,"column":8},"end":{"line":47,"column":9}},"20":{"start":{"line":46,"column":12},"end":{"line":46,"column":87}},"21":{"start":{"line":50,"column":31},"end":{"line":50,"column":62}},"22":{"start":{"line":51,"column":24},"end":{"line":59,"column":10}},"23":{"start":{"line":61,"column":8},"end":{"line":61,"column":29}},"24":{"start":{"line":62,"column":8},"end":{"line":62,"column":51}},"25":{"start":{"line":63,"column":8},"end":{"line":63,"column":81}},"26":{"start":{"line":66,"column":8},"end":{"line":66,"column":44}},"27":{"start":{"line":67,"column":8},"end":{"line":67,"column":78}},"28":{"start":{"line":72,"column":0},"end":{"line":118,"column":2}},"29":{"start":{"line":73,"column":4},"end":{"line":117,"column":5}},"30":{"start":{"line":74,"column":41},"end":{"line":74,"column":49}},"31":{"start":{"line":77,"column":21},"end":{"line":83,"column":10}},"32":{"start":{"line":86,"column":8},"end":{"line":88,"column":9}},"33":{"start":{"line":87,"column":12},"end":{"line":87,"column":77}},"34":{"start":{"line":90,"column":24},"end":{"line":90,"column":69}},"35":{"start":{"line":91,"column":8},"end":{"line":93,"column":9}},"36":{"start":{"line":92,"column":12},"end":{"line":92,"column":71}},"37":{"start":{"line":96,"column":14},"end":{"line":104,"column":1}},"38":{"start":{"line":107,"column":0},"end":{"line":114,"column":3}},"39":{"start":{"line":116,"column":8},"end":{"line":116,"column":70}},"40":{"start":{"line":121,"column":0},"end":{"line":155,"column":2}},"41":{"start":{"line":122,"column":22},"end":{"line":122,"column":30}},"42":{"start":{"line":123,"column":4},"end":{"line":154,"column":5}},"43":{"start":{"line":124,"column":21},"end":{"line":124,"column":50}},"44":{"start":{"line":125,"column":8},"end":{"line":125,"column":85}},"45":{"start":{"line":125,"column":19},"end":{"line":125,"column":85}},"46":{"start":{"line":128,"column":27},"end":{"line":128,"column":65}},"47":{"start":{"line":132,"column":28},"end":{"line":132,"column":88}},"48":{"start":{"line":133,"column":8},"end":{"line":133,"column":46}},"49":{"start":{"line":134,"column":8},"end":{"line":134,"column":57}},"50":{"start":{"line":135,"column":8},"end":{"line":135,"column":26}},"51":{"start":{"line":137,"column":28},"end":{"line":140,"column":10}},"52":{"start":{"line":143,"column":25},"end":{"line":143,"column":84}},"53":{"start":{"line":144,"column":8},"end":{"line":148,"column":11}},"54":{"start":{"line":150,"column":8},"end":{"line":150,"column":62}},"55":{"start":{"line":152,"column":8},"end":{"line":152,"column":53}},"56":{"start":{"line":153,"column":8},"end":{"line":153,"column":63}},"57":{"start":{"line":157,"column":0},"end":{"line":188,"column":2}},"58":{"start":{"line":158,"column":4},"end":{"line":187,"column":5}},"59":{"start":{"line":159,"column":39},"end":{"line":159,"column":47}},"60":{"start":{"line":162,"column":28},"end":{"line":162,"column":83}},"61":{"start":{"line":164,"column":21},"end":{"line":167,"column":10}},"62":{"start":{"line":169,"column":8},"end":{"line":171,"column":9}},"63":{"start":{"line":170,"column":12},"end":{"line":170,"column":97}},"64":{"start":{"line":174,"column":21},"end":{"line":174,"column":45}},"65":{"start":{"line":175,"column":8},"end":{"line":175,"column":61}},"66":{"start":{"line":178,"column":8},"end":{"line":178,"column":44}},"67":{"start":{"line":179,"column":8},"end":{"line":179,"column":46}},"68":{"start":{"line":181,"column":8},"end":{"line":181,"column":26}},"69":{"start":{"line":183,"column":8},"end":{"line":183,"column":95}},"70":{"start":{"line":185,"column":8},"end":{"line":185,"column":54}},"71":{"start":{"line":186,"column":8},"end":{"line":186,"column":85}}},"fnMap":{"0":{"name":"(anonymous_0)","decl":{"start":{"line":9,"column":19},"end":{"line":9,"column":20}},"loc":{"start":{"line":9,"column":39},"end":{"line":69,"column":1}},"line":9},"1":{"name":"(anonymous_1)","decl":{"start":{"line":72,"column":16},"end":{"line":72,"column":17}},"loc":{"start":{"line":72,"column":36},"end":{"line":118,"column":1}},"line":72},"2":{"name":"(anonymous_2)","decl":{"start":{"line":121,"column":25},"end":{"line":121,"column":26}},"loc":{"start":{"line":121,"column":45},"end":{"line":155,"column":1}},"line":121},"3":{"name":"(anonymous_3)","decl":{"start":{"line":157,"column":24},"end":{"line":157,"column":25}},"loc":{"start":{"line":157,"column":44},"end":{"line":188,"column":1}},"line":157}},"branchMap":{"0":{"loc":{"start":{"line":25,"column":8},"end":{"line":28,"column":9}},"type":"if","locations":[{"start":{"line":25,"column":8},"end":{"line":28,"column":9}},{"start":{},"end":{}}],"line":25},"1":{"loc":{"start":{"line":35,"column":8},"end":{"line":37,"column":9}},"type":"if","locations":[{"start":{"line":35,"column":8},"end":{"line":37,"column":9}},{"start":{},"end":{}}],"line":35},"2":{"loc":{"start":{"line":45,"column":8},"end":{"line":47,"column":9}},"type":"if","locations":[{"start":{"line":45,"column":8},"end":{"line":47,"column":9}},{"start":{},"end":{}}],"line":45},"3":{"loc":{"start":{"line":56,"column":17},"end":{"line":56,"column":62}},"type":"cond-expr","locations":[{"start":{"line":56,"column":40},"end":{"line":56,"column":50}},{"start":{"line":56,"column":53},"end":{"line":56,"column":62}}],"line":56},"4":{"loc":{"start":{"line":57,"column":19},"end":{"line":57,"column":64}},"type":"cond-expr","locations":[{"start":{"line":57,"column":42},"end":{"line":57,"column":52}},{"start":{"line":57,"column":55},"end":{"line":57,"column":64}}],"line":57},"5":{"loc":{"start":{"line":86,"column":8},"end":{"line":88,"column":9}},"type":"if","locations":[{"start":{"line":86,"column":8},"end":{"line":88,"column":9}},{"start":{},"end":{}}],"line":86},"6":{"loc":{"start":{"line":91,"column":8},"end":{"line":93,"column":9}},"type":"if","locations":[{"start":{"line":91,"column":8},"end":{"line":93,"column":9}},{"start":{},"end":{}}],"line":91},"7":{"loc":{"start":{"line":125,"column":8},"end":{"line":125,"column":85}},"type":"if","locations":[{"start":{"line":125,"column":8},"end":{"line":125,"column":85}},{"start":{},"end":{}}],"line":125},"8":{"loc":{"start":{"line":169,"column":8},"end":{"line":171,"column":9}},"type":"if","locations":[{"start":{"line":169,"column":8},"end":{"line":171,"column":9}},{"start":{},"end":{}}],"line":169}},"s":{"0":2,"1":2,"2":2,"3":2,"4":2,"5":2,"6":2,"7":4,"8":4,"9":4,"10":4,"11":4,"12":0,"13":0,"14":4,"15":4,"16":4,"17":1,"18":3,"19":3,"20":0,"21":3,"22":3,"23":3,"24":3,"25":3,"26":0,"27":0,"28":2,"29":2,"30":2,"31":2,"32":2,"33":0,"34":2,"35":2,"36":1,"37":1,"38":1,"39":0,"40":2,"41":0,"42":0,"43":0,"44":0,"45":0,"46":0,"47":0,"48":0,"49":0,"50":0,"51":0,"52":0,"53":0,"54":0,"55":0,"56":0,"57":2,"58":0,"59":0,"60":0,"61":0,"62":0,"63":0,"64":0,"65":0,"66":0,"67":0,"68":0,"69":0,"70":0,"71":0},"f":{"0":4,"1":2,"2":0,"3":0},"b":{"0":[0,4],"1":[1,3],"2":[0,3],"3":[3,0],"4":[0,3],"5":[0,2],"6":[1,1],"7":[0,0],"8":[0,0]},"_coverageSchema":"1a1c01bbd47fc00a2c39e90264f33305004495a9","hash":"b97427b4309f3baa2735b57ddc5acff95a5316bf"}
,"E:\\ProjectWebsite_Mutabaah-Mahasiswa\\backend\\src\\controllers\\evaluasi.controller.js": {"path":"E:\\ProjectWebsite_Mutabaah-Mahasiswa\\backend\\src\\controllers\\evaluasi.controller.js","statementMap":{"0":{"start":{"line":1,"column":19},"end":{"line":1,"column":50}},"1":{"start":{"line":2,"column":13},"end":{"line":2,"column":38}},"2":{"start":{"line":8,"column":16},"end":{"line":8,"column":26}},"3":{"start":{"line":9,"column":14},"end":{"line":9,"column":29}},"4":{"start":{"line":11,"column":19},"end":{"line":11,"column":78}},"5":{"start":{"line":14,"column":2},"end":{"line":14,"column":41}},"6":{"start":{"line":18,"column":0},"end":{"line":58,"column":2}},"7":{"start":{"line":19,"column":2},"end":{"line":57,"column":3}},"8":{"start":{"line":20,"column":33},"end":{"line":20,"column":41}},"9":{"start":{"line":23,"column":21},"end":{"line":23,"column":34}},"10":{"start":{"line":24,"column":20},"end":{"line":24,"column":32}},"11":{"start":{"line":26,"column":4},"end":{"line":30,"column":5}},"12":{"start":{"line":29,"column":6},"end":{"line":29,"column":34}},"13":{"start":{"line":33,"column":4},"end":{"line":35,"column":5}},"14":{"start":{"line":34,"column":6},"end":{"line":34,"column":73}},"15":{"start":{"line":37,"column":18},"end":{"line":37,"column":28}},"16":{"start":{"line":38,"column":23},"end":{"line":38,"column":36}},"17":{"start":{"line":39,"column":25},"end":{"line":39,"column":45}},"18":{"start":{"line":40,"column":24},"end":{"line":40,"column":43}},"19":{"start":{"line":42,"column":4},"end":{"line":51,"column":6}},"20":{"start":{"line":53,"column":4},"end":{"line":53,"column":68}},"21":{"start":{"line":55,"column":4},"end":{"line":55,"column":43}},"22":{"start":{"line":56,"column":4},"end":{"line":56,"column":47}},"23":{"start":{"line":61,"column":0},"end":{"line":83,"column":2}},"24":{"start":{"line":62,"column":2},"end":{"line":82,"column":3}},"25":{"start":{"line":63,"column":16},"end":{"line":63,"column":65}},"26":{"start":{"line":64,"column":18},"end":{"line":64,"column":28}},"27":{"start":{"line":65,"column":25},"end":{"line":65,"column":45}},"28":{"start":{"line":66,"column":24},"end":{"line":66,"column":43}},"29":{"start":{"line":68,"column":4},"end":{"line":70,"column":5}},"30":{"start":{"line":69,"column":6},"end":{"line":69,"column":38}},"31":{"start":{"line":73,"column":17},"end":{"line":77,"column":29}},"32":{"start":{"line":79,"column":4},"end":{"line":79,"column":31}},"33":{"start":{"line":81,"column":4},"end":{"line":81,"column":67}},"34":{"start":{"line":86,"column":0},"end":{"line":164,"column":2}},"35":{"start":{"line":87,"column":2},"end":{"line":163,"column":3}},"36":{"start":{"line":88,"column":4},"end":{"line":90,"column":5}},"37":{"start":{"line":89,"column":6},"end":{"line":89,"column":65}},"38":{"start":{"line":92,"column":18},"end":{"line":92,"column":28}},"39":{"start":{"line":93,"column":25},"end":{"line":93,"column":45}},"40":{"start":{"line":94,"column":24},"end":{"line":94,"column":43}},"41":{"start":{"line":95,"column":24},"end":{"line":95,"column":37}},"42":{"start":{"line":98,"column":24},"end":{"line":98,"column":82}},"43":{"start":{"line":101,"column":27},"end":{"line":104,"column":6}},"44":{"start":{"line":107,"column":17},"end":{"line":107,"column":143}},"45":{"start":{"line":108,"column":17},"end":{"line":108,"column":143}},"46":{"start":{"line":111,"column":29},"end":{"line":111,"column":96}},"47":{"start":{"line":111,"column":57},"end":{"line":111,"column":95}},"48":{"start":{"line":113,"column":4},"end":{"line":124,"column":7}},"49":{"start":{"line":114,"column":16},"end":{"line":114,"column":32}},"50":{"start":{"line":115,"column":21},"end":{"line":115,"column":40}},"51":{"start":{"line":117,"column":6},"end":{"line":123,"column":9}},"52":{"start":{"line":118,"column":18},"end":{"line":118,"column":26}},"53":{"start":{"line":119,"column":8},"end":{"line":122,"column":9}},"54":{"start":{"line":120,"column":10},"end":{"line":120,"column":39}},"55":{"start":{"line":121,"column":10},"end":{"line":121,"column":26}},"56":{"start":{"line":126,"column":24},"end":{"line":128,"column":5}},"57":{"start":{"line":127,"column":6},"end":{"line":127,"column":66}},"58":{"start":{"line":131,"column":21},"end":{"line":131,"column":76}},"59":{"start":{"line":131,"column":47},"end":{"line":131,"column":75}},"60":{"start":{"line":132,"column":21},"end":{"line":132,"column":59}},"61":{"start":{"line":134,"column":30},"end":{"line":134,"column":53}},"62":{"start":{"line":136,"column":4},"end":{"line":142,"column":7}},"63":{"start":{"line":137,"column":19},"end":{"line":137,"column":41}},"64":{"start":{"line":138,"column":6},"end":{"line":141,"column":7}},"65":{"start":{"line":139,"column":26},"end":{"line":139,"column":107}},"66":{"start":{"line":139,"column":79},"end":{"line":139,"column":103}},"67":{"start":{"line":140,"column":8},"end":{"line":140,"column":49}},"68":{"start":{"line":145,"column":25},"end":{"line":149,"column":6}},"69":{"start":{"line":146,"column":27},"end":{"line":146,"column":98}},"70":{"start":{"line":146,"column":54},"end":{"line":146,"column":97}},"71":{"start":{"line":148,"column":6},"end":{"line":148,"column":125}},"72":{"start":{"line":151,"column":4},"end":{"line":158,"column":7}},"73":{"start":{"line":161,"column":4},"end":{"line":161,"column":47}},"74":{"start":{"line":162,"column":4},"end":{"line":162,"column":63}}},"fnMap":{"0":{"name":"getAutoWeek","decl":{"start":{"line":7,"column":9},"end":{"line":7,"column":20}},"loc":{"start":{"line":7,"column":23},"end":{"line":15,"column":1}},"line":7},"1":{"name":"(anonymous_1)","decl":{"start":{"line":18,"column":24},"end":{"line":18,"column":25}},"loc":{"start":{"line":18,"column":44},"end":{"line":58,"column":1}},"line":18},"2":{"name":"(anonymous_2)","decl":{"start":{"line":61,"column":19},"end":{"line":61,"column":20}},"loc":{"start":{"line":61,"column":39},"end":{"line":83,"column":1}},"line":61},"3":{"name":"(anonymous_3)","decl":{"start":{"line":86,"column":22},"end":{"line":86,"column":23}},"loc":{"start":{"line":86,"column":42},"end":{"line":164,"column":1}},"line":86},"4":{"name":"(anonymous_4)","decl":{"start":{"line":111,"column":51},"end":{"line":111,"column":52}},"loc":{"start":{"line":111,"column":57},"end":{"line":111,"column":95}},"line":111},"5":{"name":"(anonymous_5)","decl":{"start":{"line":113,"column":29},"end":{"line":113,"column":30}},"loc":{"start":{"line":113,"column":35},"end":{"line":124,"column":5}},"line":113},"6":{"name":"(anonymous_6)","decl":{"start":{"line":117,"column":21},"end":{"line":117,"column":22}},"loc":{"start":{"line":117,"column":30},"end":{"line":123,"column":7}},"line":117},"7":{"name":"(anonymous_7)","decl":{"start":{"line":126,"column":48},"end":{"line":126,"column":49}},"loc":{"start":{"line":127,"column":6},"end":{"line":127,"column":66}},"line":127},"8":{"name":"(anonymous_8)","decl":{"start":{"line":131,"column":41},"end":{"line":131,"column":42}},"loc":{"start":{"line":131,"column":47},"end":{"line":131,"column":75}},"line":131},"9":{"name":"(anonymous_9)","decl":{"start":{"line":136,"column":27},"end":{"line":136,"column":28}},"loc":{"start":{"line":136,"column":33},"end":{"line":142,"column":5}},"line":136},"10":{"name":"(anonymous_10)","decl":{"start":{"line":139,"column":65},"end":{"line":139,"column":66}},"loc":{"start":{"line":139,"column":79},"end":{"line":139,"column":103}},"line":139},"11":{"name":"(anonymous_11)","decl":{"start":{"line":145,"column":41},"end":{"line":145,"column":42}},"loc":{"start":{"line":145,"column":52},"end":{"line":149,"column":5}},"line":145},"12":{"name":"(anonymous_12)","decl":{"start":{"line":146,"column":49},"end":{"line":146,"column":50}},"loc":{"start":{"line":146,"column":54},"end":{"line":146,"column":97}},"line":146}},"branchMap":{"0":{"loc":{"start":{"line":26,"column":4},"end":{"line":30,"column":5}},"type":"if","locations":[{"start":{"line":26,"column":4},"end":{"line":30,"column":5}},{"start":{},"end":{}}],"line":26},"1":{"loc":{"start":{"line":33,"column":4},"end":{"line":35,"column":5}},"type":"if","locations":[{"start":{"line":33,"column":4},"end":{"line":35,"column":5}},{"start":{},"end":{}}],"line":33},"2":{"loc":{"start":{"line":63,"column":16},"end":{"line":63,"column":65}},"type":"binary-expr","locations":[{"start":{"line":63,"column":16},"end":{"line":63,"column":29}},{"start":{"line":63,"column":34},"end":{"line":63,"column":64}}],"line":63},"3":{"loc":{"start":{"line":63,"column":34},"end":{"line":63,"column":64}},"type":"cond-expr","locations":[{"start":{"line":63,"column":45},"end":{"line":63,"column":57}},{"start":{"line":63,"column":60},"end":{"line":63,"column":64}}],"line":63},"4":{"loc":{"start":{"line":68,"column":4},"end":{"line":70,"column":5}},"type":"if","locations":[{"start":{"line":68,"column":4},"end":{"line":70,"column":5}},{"start":{},"end":{}}],"line":68},"5":{"loc":{"start":{"line":68,"column":8},"end":{"line":68,"column":35}},"type":"binary-expr","locations":[{"start":{"line":68,"column":8},"end":{"line":68,"column":12}},{"start":{"line":68,"column":16},"end":{"line":68,"column":35}}],"line":68},"6":{"loc":{"start":{"line":88,"column":4},"end":{"line":90,"column":5}},"type":"if","locations":[{"start":{"line":88,"column":4},"end":{"line":90,"column":5}},{"start":{},"end":{}}],"line":88},"7":{"loc":{"start":{"line":88,"column":8},"end":{"line":88,"column":64}},"type":"binary-expr","locations":[{"start":{"line":88,"column":8},"end":{"line":88,"column":33}},{"start":{"line":88,"column":37},"end":{"line":88,"column":64}}],"line":88},"8":{"loc":{"start":{"line":114,"column":16},"end":{"line":114,"column":32}},"type":"binary-expr","locations":[{"start":{"line":114,"column":16},"end":{"line":114,"column":26}},{"start":{"line":114,"column":30},"end":{"line":114,"column":32}}],"line":114},"9":{"loc":{"start":{"line":119,"column":8},"end":{"line":122,"column":9}},"type":"if","locations":[{"start":{"line":119,"column":8},"end":{"line":122,"column":9}},{"start":{},"end":{}}],"line":119},"10":{"loc":{"start":{"line":119,"column":12},"end":{"line":119,"column":45}},"type":"binary-expr","locations":[{"start":{"line":119,"column":12},"end":{"line":119,"column":29}},{"start":{"line":119,"column":33},"end":{"line":119,"column":45}}],"line":119},"11":{"loc":{"start":{"line":127,"column":6},"end":{"line":127,"column":66}},"type":"cond-expr","locations":[{"start":{"line":127,"column":24},"end":{"line":127,"column":62}},{"start":{"line":127,"column":65},"end":{"line":127,"column":66}}],"line":127},"12":{"loc":{"start":{"line":132,"column":21},"end":{"line":132,"column":59}},"type":"cond-expr","locations":[{"start":{"line":132,"column":54},"end":{"line":132,"column":55}},{"start":{"line":132,"column":58},"end":{"line":132,"column":59}}],"line":132},"13":{"loc":{"start":{"line":132,"column":22},"end":{"line":132,"column":50}},"type":"binary-expr","locations":[{"start":{"line":132,"column":22},"end":{"line":132,"column":38}},{"start":{"line":132,"column":42},"end":{"line":132,"column":50}}],"line":132},"14":{"loc":{"start":{"line":138,"column":6},"end":{"line":141,"column":7}},"type":"if","locations":[{"start":{"line":138,"column":6},"end":{"line":141,"column":7}},{"start":{},"end":{}}],"line":138},"15":{"loc":{"start":{"line":138,"column":10},"end":{"line":138,"column":39}},"type":"binary-expr","locations":[{"start":{"line":138,"column":10},"end":{"line":138,"column":19}},{"start":{"line":138,"column":23},"end":{"line":138,"column":39}}],"line":138},"16":{"loc":{"start":{"line":139,"column":40},"end":{"line":139,"column":56}},"type":"binary-expr","locations":[{"start":{"line":139,"column":40},"end":{"line":139,"column":50}},{"start":{"line":139,"column":54},"end":{"line":139,"column":56}}],"line":139},"17":{"loc":{"start":{"line":139,"column":86},"end":{"line":139,"column":102}},"type":"binary-expr","locations":[{"start":{"line":139,"column":86},"end":{"line":139,"column":97}},{"start":{"line":139,"column":101},"end":{"line":139,"column":102}}],"line":139},"18":{"loc":{"start":{"line":148,"column":72},"end":{"line":148,"column":95}},"type":"binary-expr","locations":[{"start":{"line":148,"column":72},"end":{"line":148,"column":87}},{"start":{"line":148,"column":91},"end":{"line":148,"column":95}}],"line":148}},"s":{"0":2,"1":2,"2":2,"3":2,"4":2,"5":2,"6":2,"7":1,"8":1,"9":1,"10":1,"11":1,"12":1,"13":1,"14":0,"15":1,"16":1,"17":1,"18":1,"19":1,"20":1,"21":0,"22":0,"23":2,"24":1,"25":1,"26":1,"27":1,"28":1,"29":1,"30":0,"31":1,"32":1,"33":0,"34":2,"35":2,"36":2,"37":1,"38":1,"39":1,"40":1,"41":1,"42":1,"43":1,"44":1,"45":1,"46":1,"47":0,"48":1,"49":0,"50":0,"51":0,"52":0,"53":0,"54":0,"55":0,"56":1,"57":9,"58":1,"59":0,"60":1,"61":1,"62":1,"63":0,"64":0,"65":0,"66":0,"67":0,"68":1,"69":1,"70":0,"71":1,"72":1,"73":0,"74":0},"f":{"0":2,"1":1,"2":1,"3":2,"4":0,"5":0,"6":0,"7":9,"8":0,"9":0,"10":0,"11":1,"12":0},"b":{"0":[1,0],"1":[0,1],"2":[1,1],"3":[1,0],"4":[0,1],"5":[1,1],"6":[1,1],"7":[2,1],"8":[0,0],"9":[0,0],"10":[0,0],"11":[0,9],"12":[0,1],"13":[1,1],"14":[0,0],"15":[0,0],"16":[0,0],"17":[0,0],"18":[1,1]},"_coverageSchema":"1a1c01bbd47fc00a2c39e90264f33305004495a9","hash":"acce94506407885fac10064faf37ad7eb67c542f"}
,"E:\\ProjectWebsite_Mutabaah-Mahasiswa\\backend\\src\\middleware\\auth.js": {"path":"E:\\ProjectWebsite_Mutabaah-Mahasiswa\\backend\\src\\middleware\\auth.js","statementMap":{"0":{"start":{"line":1,"column":12},"end":{"line":1,"column":35}},"1":{"start":{"line":3,"column":0},"end":{"line":18,"column":2}},"2":{"start":{"line":4,"column":18},"end":{"line":4,"column":69}},"3":{"start":{"line":6,"column":4},"end":{"line":6,"column":91}},"4":{"start":{"line":6,"column":16},"end":{"line":6,"column":91}},"5":{"start":{"line":8,"column":4},"end":{"line":17,"column":5}},"6":{"start":{"line":9,"column":24},"end":{"line":9,"column":65}},"7":{"start":{"line":12,"column":8},"end":{"line":12,"column":27}},"8":{"start":{"line":14,"column":8},"end":{"line":14,"column":15}},"9":{"start":{"line":16,"column":8},"end":{"line":16,"column":63}}},"fnMap":{"0":{"name":"(anonymous_0)","decl":{"start":{"line":3,"column":17},"end":{"line":3,"column":18}},"loc":{"start":{"line":3,"column":37},"end":{"line":18,"column":1}},"line":3}},"branchMap":{"0":{"loc":{"start":{"line":6,"column":4},"end":{"line":6,"column":91}},"type":"if","locations":[{"start":{"line":6,"column":4},"end":{"line":6,"column":91}},{"start":{},"end":{}}],"line":6}},"s":{"0":2,"1":2,"2":5,"3":5,"4":1,"5":4,"6":4,"7":4,"8":4,"9":0},"f":{"0":5},"b":{"0":[1,4]},"_coverageSchema":"1a1c01bbd47fc00a2c39e90264f33305004495a9","hash":"176014073ff8a1160271f90f2200e299c88049d3"}
,"E:\\ProjectWebsite_Mutabaah-Mahasiswa\\backend\\src\\middleware\\rateLimiter.js": {"path":"E:\\ProjectWebsite_Mutabaah-Mahasiswa\\backend\\src\\middleware\\rateLimiter.js","statementMap":{"0":{"start":{"line":5,"column":18},"end":{"line":5,"column":47}},"1":{"start":{"line":8,"column":20},"end":{"line":16,"column":2}},"2":{"start":{"line":20,"column":30},"end":{"line":28,"column":2}},"3":{"start":{"line":30,"column":0},"end":{"line":30,"column":56}}},"fnMap":{},"branchMap":{},"s":{"0":2,"1":2,"2":2,"3":2},"f":{},"b":{},"_coverageSchema":"1a1c01bbd47fc00a2c39e90264f33305004495a9","hash":"630a5e63f263ef6522d490f25c699b88afed0726"}
,"E:\\ProjectWebsite_Mutabaah-Mahasiswa\\backend\\src\\models\\DataMaster.js": {"path":"E:\\ProjectWebsite_Mutabaah-Mahasiswa\\backend\\src\\models\\DataMaster.js","statementMap":{"0":{"start":{"line":1,"column":17},"end":{"line":1,"column":36}},"1":{"start":{"line":3,"column":25},"end":{"line":8,"column":2}},"2":{"start":{"line":11,"column":0},"end":{"line":11,"column":85}}},"fnMap":{},"branchMap":{},"s":{"0":2,"1":2,"2":2},"f":{},"b":{},"_coverageSchema":"1a1c01bbd47fc00a2c39e90264f33305004495a9","hash":"69aeebe8f0a2fe43bb53d9edebc7b682c2e72aa3"}
,"E:\\ProjectWebsite_Mutabaah-Mahasiswa\\backend\\src\\models\\Evaluation.js": {"path":"E:\\ProjectWebsite_Mutabaah-Mahasiswa\\backend\\src\\models\\Evaluation.js","statementMap":{"0":{"start":{"line":1,"column":17},"end":{"line":1,"column":36}},"1":{"start":{"line":3,"column":25},"end":{"line":21,"column":24}},"2":{"start":{"line":23,"column":0},"end":{"line":23,"column":64}}},"fnMap":{},"branchMap":{},"s":{"0":2,"1":2,"2":2},"f":{},"b":{},"_coverageSchema":"1a1c01bbd47fc00a2c39e90264f33305004495a9","hash":"c2ad24ad0352687cc9545fae22c58ef1b3afd78f"}
,"E:\\ProjectWebsite_Mutabaah-Mahasiswa\\backend\\src\\models\\User.js": {"path":"E:\\ProjectWebsite_Mutabaah-Mahasiswa\\backend\\src\\models\\User.js","statementMap":{"0":{"start":{"line":1,"column":17},"end":{"line":1,"column":36}},"1":{"start":{"line":3,"column":19},"end":{"line":17,"column":27}},"2":{"start":{"line":19,"column":0},"end":{"line":19,"column":52}}},"fnMap":{},"branchMap":{},"s":{"0":2,"1":2,"2":2},"f":{},"b":{},"_coverageSchema":"1a1c01bbd47fc00a2c39e90264f33305004495a9","hash":"2e874b9eb5f08eca4979de8d26aebe9a88e3a5f7"}
,"E:\\ProjectWebsite_Mutabaah-Mahasiswa\\backend\\src\\routes\\auth.routes.js": {"path":"E:\\ProjectWebsite_Mutabaah-Mahasiswa\\backend\\src\\routes\\auth.routes.js","statementMap":{"0":{"start":{"line":2,"column":16},"end":{"line":2,"column":34}},"1":{"start":{"line":3,"column":15},"end":{"line":3,"column":31}},"2":{"start":{"line":4,"column":23},"end":{"line":4,"column":64}},"3":{"start":{"line":5,"column":47},"end":{"line":5,"column":83}},"4":{"start":{"line":8,"column":0},"end":{"line":8,"column":63}},"5":{"start":{"line":9,"column":0},"end":{"line":9,"column":57}},"6":{"start":{"line":10,"column":0},"end":{"line":10,"column":86}},"7":{"start":{"line":11,"column":0},"end":{"line":11,"column":74}},"8":{"start":{"line":13,"column":0},"end":{"line":13,"column":24}}},"fnMap":{},"branchMap":{},"s":{"0":2,"1":2,"2":2,"3":2,"4":2,"5":2,"6":2,"7":2,"8":2},"f":{},"b":{},"_coverageSchema":"1a1c01bbd47fc00a2c39e90264f33305004495a9","hash":"95c2eb03767036a7890bf9d262ad564d9329ca35"}
,"E:\\ProjectWebsite_Mutabaah-Mahasiswa\\backend\\src\\routes\\evaluasi.routes.js": {"path":"E:\\ProjectWebsite_Mutabaah-Mahasiswa\\backend\\src\\routes\\evaluasi.routes.js","statementMap":{"0":{"start":{"line":1,"column":16},"end":{"line":1,"column":34}},"1":{"start":{"line":2,"column":15},"end":{"line":2,"column":31}},"2":{"start":{"line":3,"column":27},"end":{"line":3,"column":72}},"3":{"start":{"line":4,"column":13},"end":{"line":4,"column":42}},"4":{"start":{"line":7,"column":0},"end":{"line":7,"column":64}},"5":{"start":{"line":10,"column":0},"end":{"line":10,"column":56}},"6":{"start":{"line":12,"column":0},"end":{"line":12,"column":63}},"7":{"start":{"line":14,"column":0},"end":{"line":14,"column":24}}},"fnMap":{},"branchMap":{},"s":{"0":2,"1":2,"2":2,"3":2,"4":2,"5":2,"6":2,"7":2},"f":{},"b":{},"_coverageSchema":"1a1c01bbd47fc00a2c39e90264f33305004495a9","hash":"1814d043415a1b9d28636b6fc010278ece156a74"}
,"E:\\ProjectWebsite_Mutabaah-Mahasiswa\\backend\\tests\\setup.js": {"path":"E:\\ProjectWebsite_Mutabaah-Mahasiswa\\backend\\tests\\setup.js","statementMap":{"0":{"start":{"line":1,"column":17},"end":{"line":1,"column":36}},"1":{"start":{"line":2,"column":30},"end":{"line":2,"column":62}},"2":{"start":{"line":6,"column":0},"end":{"line":10,"column":2}},"3":{"start":{"line":7,"column":4},"end":{"line":7,"column":51}},"4":{"start":{"line":8,"column":16},"end":{"line":8,"column":36}},"5":{"start":{"line":9,"column":4},"end":{"line":9,"column":32}},"6":{"start":{"line":12,"column":0},"end":{"line":16,"column":2}},"7":{"start":{"line":13,"column":4},"end":{"line":13,"column":45}},"8":{"start":{"line":14,"column":4},"end":{"line":14,"column":38}},"9":{"start":{"line":15,"column":4},"end":{"line":15,"column":29}},"10":{"start":{"line":18,"column":0},"end":{"line":24,"column":2}},"11":{"start":{"line":19,"column":24},"end":{"line":19,"column":55}},"12":{"start":{"line":20,"column":4},"end":{"line":23,"column":5}},"13":{"start":{"line":21,"column":27},"end":{"line":21,"column":43}},"14":{"start":{"line":22,"column":8},"end":{"line":22,"column":38}}},"fnMap":{"0":{"name":"(anonymous_0)","decl":{"start":{"line":6,"column":25},"end":{"line":6,"column":26}},"loc":{"start":{"line":6,"column":37},"end":{"line":10,"column":1}},"line":6},"1":{"name":"(anonymous_1)","decl":{"start":{"line":12,"column":31},"end":{"line":12,"column":32}},"loc":{"start":{"line":12,"column":43},"end":{"line":16,"column":1}},"line":12},"2":{"name":"(anonymous_2)","decl":{"start":{"line":18,"column":31},"end":{"line":18,"column":32}},"loc":{"start":{"line":18,"column":43},"end":{"line":24,"column":1}},"line":18}},"branchMap":{},"s":{"0":2,"1":2,"2":2,"3":2,"4":2,"5":2,"6":2,"7":2,"8":2,"9":2,"10":2,"11":9,"12":9,"13":27,"14":27},"f":{"0":2,"1":2,"2":9},"b":{},"_coverageSchema":"1a1c01bbd47fc00a2c39e90264f33305004495a9","hash":"c0cb23f72d6c7b462c1bdbd5b38bbe5f62ff7d16"}
}
