TN:
SF:src\app.js
FN:24,(anonymous_0)
FN:30,(anonymous_1)
FNF:2
FNH:0
FNDA:0,(anonymous_0)
FNDA:0,(anonymous_1)
DA:2,2
DA:3,2
DA:4,2
DA:5,2
DA:6,2
DA:7,2
DA:8,2
DA:10,2
DA:11,2
DA:13,2
DA:14,2
DA:17,2
DA:18,2
DA:21,2
DA:24,2
DA:25,0
DA:28,2
DA:29,2
DA:30,0
DA:32,2
LF:20
LH:18
BRDA:28,0,0,2
BRDA:28,0,1,0
BRDA:29,1,0,0
BRDA:29,1,1,2
BRF:4
BRH:2
end_of_record
TN:
SF:src\config\db.js
FN:7,(anonymous_0)
FNF:1
FNH:1
FNDA:2,(anonymous_0)
DA:1,2
DA:2,2
DA:5,2
DA:7,2
DA:8,2
DA:10,2
DA:12,0
DA:13,0
DA:14,0
DA:15,0
DA:17,0
DA:18,0
DA:20,0
DA:21,0
DA:25,2
LF:15
LH:7
BRDA:8,0,0,2
BRDA:8,0,1,0
BRDA:14,1,0,0
BRDA:14,1,1,0
BRF:4
BRH:1
end_of_record
TN:
SF:src\controllers\auth.controller.js
FN:9,(anonymous_0)
FN:72,(anonymous_1)
FN:121,(anonymous_2)
FN:157,(anonymous_3)
FNF:4
FNH:2
FNDA:4,(anonymous_0)
FNDA:2,(anonymous_1)
FNDA:0,(anonymous_2)
FNDA:0,(anonymous_3)
DA:2,2
DA:3,2
DA:4,2
DA:5,2
DA:6,2
DA:7,2
DA:9,2
DA:11,4
DA:14,4
DA:16,4
DA:18,4
DA:25,4
DA:26,0
DA:27,0
DA:31,4
DA:34,4
DA:35,4
DA:36,1
DA:40,3
DA:45,3
DA:46,0
DA:50,3
DA:51,3
DA:61,3
DA:62,3
DA:63,3
DA:66,0
DA:67,0
DA:72,2
DA:73,2
DA:74,2
DA:77,2
DA:86,2
DA:87,0
DA:90,2
DA:91,2
DA:92,1
DA:96,1
DA:107,1
DA:116,0
DA:121,2
DA:122,0
DA:123,0
DA:124,0
DA:125,0
DA:128,0
DA:132,0
DA:133,0
DA:134,0
DA:135,0
DA:137,0
DA:143,0
DA:144,0
DA:150,0
DA:152,0
DA:153,0
DA:157,2
DA:158,0
DA:159,0
DA:162,0
DA:164,0
DA:169,0
DA:170,0
DA:174,0
DA:175,0
DA:178,0
DA:179,0
DA:181,0
DA:183,0
DA:185,0
DA:186,0
LF:71
LH:35
BRDA:25,0,0,0
BRDA:25,0,1,4
BRDA:35,1,0,1
BRDA:35,1,1,3
BRDA:45,2,0,0
BRDA:45,2,1,3
BRDA:56,3,0,3
BRDA:56,3,1,0
BRDA:57,4,0,0
BRDA:57,4,1,3
BRDA:86,5,0,0
BRDA:86,5,1,2
BRDA:91,6,0,1
BRDA:91,6,1,1
BRDA:125,7,0,0
BRDA:125,7,1,0
BRDA:169,8,0,0
BRDA:169,8,1,0
BRF:18
BRH:9
end_of_record
TN:
SF:src\controllers\evaluasi.controller.js
FN:7,getAutoWeek
FN:18,(anonymous_1)
FN:61,(anonymous_2)
FN:86,(anonymous_3)
FN:111,(anonymous_4)
FN:113,(anonymous_5)
FN:117,(anonymous_6)
FN:126,(anonymous_7)
FN:131,(anonymous_8)
FN:136,(anonymous_9)
FN:139,(anonymous_10)
FN:145,(anonymous_11)
FN:146,(anonymous_12)
FNF:13
FNH:6
FNDA:2,getAutoWeek
FNDA:1,(anonymous_1)
FNDA:1,(anonymous_2)
FNDA:2,(anonymous_3)
FNDA:0,(anonymous_4)
FNDA:0,(anonymous_5)
FNDA:0,(anonymous_6)
FNDA:9,(anonymous_7)
FNDA:0,(anonymous_8)
FNDA:0,(anonymous_9)
FNDA:0,(anonymous_10)
FNDA:1,(anonymous_11)
FNDA:0,(anonymous_12)
DA:1,2
DA:2,2
DA:8,2
DA:9,2
DA:11,2
DA:14,2
DA:18,2
DA:19,1
DA:20,1
DA:23,1
DA:24,1
DA:26,1
DA:29,1
DA:33,1
DA:34,0
DA:37,1
DA:38,1
DA:39,1
DA:40,1
DA:42,1
DA:53,1
DA:55,0
DA:56,0
DA:61,2
DA:62,1
DA:63,1
DA:64,1
DA:65,1
DA:66,1
DA:68,1
DA:69,0
DA:73,1
DA:79,1
DA:81,0
DA:86,2
DA:87,2
DA:88,2
DA:89,1
DA:92,1
DA:93,1
DA:94,1
DA:95,1
DA:98,1
DA:101,1
DA:107,1
DA:108,1
DA:111,1
DA:113,1
DA:114,0
DA:115,0
DA:117,0
DA:118,0
DA:119,0
DA:120,0
DA:121,0
DA:126,1
DA:127,9
DA:131,1
DA:132,1
DA:134,1
DA:136,1
DA:137,0
DA:138,0
DA:139,0
DA:140,0
DA:145,1
DA:146,1
DA:148,1
DA:151,1
DA:161,0
DA:162,0
LF:71
LH:53
BRDA:26,0,0,1
BRDA:26,0,1,0
BRDA:33,1,0,0
BRDA:33,1,1,1
BRDA:63,2,0,1
BRDA:63,2,1,1
BRDA:63,3,0,1
BRDA:63,3,1,0
BRDA:68,4,0,0
BRDA:68,4,1,1
BRDA:68,5,0,1
BRDA:68,5,1,1
BRDA:88,6,0,1
BRDA:88,6,1,1
BRDA:88,7,0,2
BRDA:88,7,1,1
BRDA:114,8,0,0
BRDA:114,8,1,0
BRDA:119,9,0,0
BRDA:119,9,1,0
BRDA:119,10,0,0
BRDA:119,10,1,0
BRDA:127,11,0,0
BRDA:127,11,1,9
BRDA:132,12,0,0
BRDA:132,12,1,1
BRDA:132,13,0,1
BRDA:132,13,1,1
BRDA:138,14,0,0
BRDA:138,14,1,0
BRDA:138,15,0,0
BRDA:138,15,1,0
BRDA:139,16,0,0
BRDA:139,16,1,0
BRDA:139,17,0,0
BRDA:139,17,1,0
BRDA:148,18,0,1
BRDA:148,18,1,1
BRF:38
BRH:18
end_of_record
TN:
SF:src\middleware\auth.js
FN:3,(anonymous_0)
FNF:1
FNH:1
FNDA:5,(anonymous_0)
DA:1,2
DA:3,2
DA:4,5
DA:6,5
DA:8,4
DA:9,4
DA:12,4
DA:14,4
DA:16,0
LF:9
LH:8
BRDA:6,0,0,1
BRDA:6,0,1,4
BRF:2
BRH:2
end_of_record
TN:
SF:src\middleware\rateLimiter.js
FNF:0
FNH:0
DA:5,2
DA:8,2
DA:20,2
DA:30,2
LF:4
LH:4
BRF:0
BRH:0
end_of_record
TN:
SF:src\models\DataMaster.js
FNF:0
FNH:0
DA:1,2
DA:3,2
DA:11,2
LF:3
LH:3
BRF:0
BRH:0
end_of_record
TN:
SF:src\models\Evaluation.js
FNF:0
FNH:0
DA:1,2
DA:3,2
DA:23,2
LF:3
LH:3
BRF:0
BRH:0
end_of_record
TN:
SF:src\models\User.js
FNF:0
FNH:0
DA:1,2
DA:3,2
DA:19,2
LF:3
LH:3
BRF:0
BRH:0
end_of_record
TN:
SF:src\routes\auth.routes.js
FNF:0
FNH:0
DA:2,2
DA:3,2
DA:4,2
DA:5,2
DA:8,2
DA:9,2
DA:10,2
DA:11,2
DA:13,2
LF:9
LH:9
BRF:0
BRH:0
end_of_record
TN:
SF:src\routes\evaluasi.routes.js
FNF:0
FNH:0
DA:1,2
DA:2,2
DA:3,2
DA:4,2
DA:7,2
DA:10,2
DA:12,2
DA:14,2
LF:8
LH:8
BRF:0
BRH:0
end_of_record
TN:
SF:tests\setup.js
FN:6,(anonymous_0)
FN:12,(anonymous_1)
FN:18,(anonymous_2)
FNF:3
FNH:3
FNDA:2,(anonymous_0)
FNDA:2,(anonymous_1)
FNDA:9,(anonymous_2)
DA:1,2
DA:2,2
DA:6,2
DA:7,2
DA:8,2
DA:9,2
DA:12,2
DA:13,2
DA:14,2
DA:15,2
DA:18,2
DA:19,9
DA:20,9
DA:21,27
DA:22,27
LF:15
LH:15
BRF:0
BRH:0
end_of_record
