TN:
SF:src\app.js
FN:31,(anonymous_0)
FN:37,(anonymous_1)
FNF:2
FNH:0
FNDA:0,(anonymous_0)
FNDA:0,(anonymous_1)
DA:2,3
DA:3,3
DA:4,3
DA:5,3
DA:6,3
DA:7,3
DA:8,3
DA:10,3
DA:11,3
DA:13,3
DA:14,3
DA:17,3
DA:18,3
DA:22,3
DA:23,3
DA:24,3
DA:28,3
DA:31,3
DA:32,0
DA:35,3
DA:36,3
DA:37,0
DA:39,3
LF:23
LH:21
BRDA:22,0,0,3
BRDA:22,0,1,0
BRDA:35,1,0,3
BRDA:35,1,1,0
BRDA:36,2,0,0
BRDA:36,2,1,3
BRF:6
BRH:3
end_of_record
TN:
SF:src\config\db.js
FN:7,(anonymous_0)
FNF:1
FNH:1
FNDA:3,(anonymous_0)
DA:1,3
DA:2,3
DA:5,3
DA:7,3
DA:8,3
DA:10,3
DA:12,0
DA:13,0
DA:14,0
DA:15,0
DA:17,0
DA:18,0
DA:20,0
DA:21,0
DA:25,3
LF:15
LH:7
BRDA:8,0,0,3
BRDA:8,0,1,0
BRDA:14,1,0,0
BRDA:14,1,1,0
BRF:4
BRH:1
end_of_record
TN:
SF:src\controllers\auth.controller.js
FN:9,(anonymous_0)
FN:72,(anonymous_1)
FN:121,(anonymous_2)
FN:157,(anonymous_3)
FNF:4
FNH:3
FNDA:14,(anonymous_0)
FNDA:6,(anonymous_1)
FNDA:3,(anonymous_2)
FNDA:0,(anonymous_3)
DA:2,3
DA:3,3
DA:4,3
DA:5,3
DA:6,3
DA:7,3
DA:9,3
DA:11,14
DA:14,14
DA:16,14
DA:18,14
DA:25,14
DA:26,1
DA:27,1
DA:31,13
DA:34,13
DA:35,13
DA:36,1
DA:40,12
DA:45,12
DA:46,1
DA:50,11
DA:51,11
DA:61,11
DA:62,11
DA:63,11
DA:66,0
DA:67,0
DA:72,3
DA:73,6
DA:74,6
DA:77,6
DA:86,6
DA:87,1
DA:90,5
DA:91,5
DA:92,1
DA:96,4
DA:107,4
DA:116,0
DA:121,3
DA:122,3
DA:123,3
DA:124,3
DA:125,3
DA:128,2
DA:132,2
DA:133,2
DA:134,2
DA:135,2
DA:137,2
DA:143,2
DA:144,2
DA:150,2
DA:152,0
DA:153,0
DA:157,3
DA:158,0
DA:159,0
DA:162,0
DA:164,0
DA:169,0
DA:170,0
DA:174,0
DA:175,0
DA:178,0
DA:179,0
DA:181,0
DA:183,0
DA:185,0
DA:186,0
LF:71
LH:52
BRDA:25,0,0,1
BRDA:25,0,1,13
BRDA:35,1,0,1
BRDA:35,1,1,12
BRDA:45,2,0,1
BRDA:45,2,1,11
BRDA:56,3,0,11
BRDA:56,3,1,0
BRDA:57,4,0,0
BRDA:57,4,1,11
BRDA:86,5,0,1
BRDA:86,5,1,5
BRDA:91,6,0,1
BRDA:91,6,1,4
BRDA:125,7,0,1
BRDA:125,7,1,2
BRDA:169,8,0,0
BRDA:169,8,1,0
BRF:18
BRH:14
end_of_record
TN:
SF:src\controllers\evaluasi.controller.js
FN:7,getAutoWeek
FN:18,(anonymous_1)
FN:61,(anonymous_2)
FN:86,(anonymous_3)
FN:111,(anonymous_4)
FN:113,(anonymous_5)
FN:117,(anonymous_6)
FN:126,(anonymous_7)
FN:131,(anonymous_8)
FN:136,(anonymous_9)
FN:139,(anonymous_10)
FN:145,(anonymous_11)
FN:146,(anonymous_12)
FNF:13
FNH:6
FNDA:9,getAutoWeek
FNDA:5,(anonymous_1)
FNDA:3,(anonymous_2)
FNDA:6,(anonymous_3)
FNDA:0,(anonymous_4)
FNDA:0,(anonymous_5)
FNDA:0,(anonymous_6)
FNDA:36,(anonymous_7)
FNDA:0,(anonymous_8)
FNDA:0,(anonymous_9)
FNDA:0,(anonymous_10)
FNDA:1,(anonymous_11)
FNDA:0,(anonymous_12)
DA:1,3
DA:2,3
DA:8,9
DA:9,9
DA:11,9
DA:14,9
DA:18,3
DA:19,5
DA:20,5
DA:23,5
DA:24,5
DA:26,5
DA:29,5
DA:33,5
DA:34,0
DA:37,5
DA:38,5
DA:39,5
DA:40,5
DA:42,5
DA:53,5
DA:55,0
DA:56,0
DA:61,3
DA:62,3
DA:63,3
DA:64,3
DA:65,3
DA:66,3
DA:68,3
DA:69,0
DA:73,3
DA:79,3
DA:81,0
DA:86,3
DA:87,6
DA:88,6
DA:89,2
DA:92,4
DA:93,4
DA:94,4
DA:95,4
DA:98,4
DA:101,4
DA:107,4
DA:108,4
DA:111,4
DA:113,4
DA:114,0
DA:115,0
DA:117,0
DA:118,0
DA:119,0
DA:120,0
DA:121,0
DA:126,4
DA:127,36
DA:131,4
DA:132,4
DA:134,4
DA:136,4
DA:137,0
DA:138,0
DA:139,0
DA:140,0
DA:145,4
DA:146,1
DA:148,1
DA:151,4
DA:161,0
DA:162,0
LF:71
LH:53
BRDA:26,0,0,5
BRDA:26,0,1,0
BRDA:33,1,0,0
BRDA:33,1,1,5
BRDA:63,2,0,3
BRDA:63,2,1,3
BRDA:63,3,0,3
BRDA:63,3,1,0
BRDA:68,4,0,0
BRDA:68,4,1,3
BRDA:68,5,0,3
BRDA:68,5,1,3
BRDA:88,6,0,2
BRDA:88,6,1,4
BRDA:88,7,0,6
BRDA:88,7,1,3
BRDA:114,8,0,0
BRDA:114,8,1,0
BRDA:119,9,0,0
BRDA:119,9,1,0
BRDA:119,10,0,0
BRDA:119,10,1,0
BRDA:127,11,0,0
BRDA:127,11,1,36
BRDA:132,12,0,0
BRDA:132,12,1,4
BRDA:132,13,0,4
BRDA:132,13,1,4
BRDA:138,14,0,0
BRDA:138,14,1,0
BRDA:138,15,0,0
BRDA:138,15,1,0
BRDA:139,16,0,0
BRDA:139,16,1,0
BRDA:139,17,0,0
BRDA:139,17,1,0
BRDA:148,18,0,1
BRDA:148,18,1,1
BRF:38
BRH:18
end_of_record
TN:
SF:src\middleware\auth.js
FN:3,(anonymous_0)
FNF:1
FNH:1
FNDA:19,(anonymous_0)
DA:1,3
DA:3,3
DA:4,19
DA:6,19
DA:8,15
DA:9,15
DA:12,14
DA:14,14
DA:16,1
LF:9
LH:9
BRDA:6,0,0,4
BRDA:6,0,1,15
BRF:2
BRH:2
end_of_record
TN:
SF:src\middleware\rateLimiter.js
FN:9,(anonymous_0)
FNF:1
FNH:1
FNDA:23,(anonymous_0)
DA:5,3
DA:9,23
DA:11,3
DA:12,3
DA:18,0
DA:30,0
DA:40,0
LF:7
LH:4
BRDA:11,0,0,3
BRDA:11,0,1,0
BRF:2
BRH:1
end_of_record
TN:
SF:src\models\DataMaster.js
FNF:0
FNH:0
DA:1,3
DA:3,3
DA:11,3
LF:3
LH:3
BRF:0
BRH:0
end_of_record
TN:
SF:src\models\Evaluation.js
FNF:0
FNH:0
DA:1,3
DA:3,3
DA:23,3
LF:3
LH:3
BRF:0
BRH:0
end_of_record
TN:
SF:src\models\User.js
FNF:0
FNH:0
DA:1,3
DA:3,3
DA:19,3
LF:3
LH:3
BRF:0
BRH:0
end_of_record
TN:
SF:src\routes\auth.routes.js
FNF:0
FNH:0
DA:2,3
DA:3,3
DA:4,3
DA:5,3
DA:8,3
DA:9,3
DA:10,3
DA:11,3
DA:13,3
LF:9
LH:9
BRF:0
BRH:0
end_of_record
TN:
SF:src\routes\evaluasi.routes.js
FNF:0
FNH:0
DA:1,3
DA:2,3
DA:3,3
DA:4,3
DA:7,3
DA:10,3
DA:12,3
DA:14,3
LF:8
LH:8
BRF:0
BRH:0
end_of_record
TN:
SF:src\routes\testHelper.routes.js
FN:18,(anonymous_0)
FN:31,(anonymous_1)
FN:90,(anonymous_2)
FN:109,(anonymous_3)
FNF:4
FNH:0
FNDA:0,(anonymous_0)
FNDA:0,(anonymous_1)
FNDA:0,(anonymous_2)
FNDA:0,(anonymous_3)
DA:6,3
DA:7,3
DA:8,3
DA:9,3
DA:10,3
DA:11,3
DA:12,3
DA:18,3
DA:19,0
DA:31,3
DA:32,0
DA:33,0
DA:36,0
DA:44,0
DA:77,0
DA:79,0
DA:80,0
DA:90,3
DA:91,0
DA:92,0
DA:93,0
DA:94,0
DA:95,0
DA:96,0
DA:98,0
DA:100,0
DA:101,0
DA:109,3
DA:110,0
DA:111,0
DA:112,0
DA:113,0
DA:114,0
DA:115,0
DA:117,0
DA:135,0
DA:137,0
DA:141,3
LF:38
LH:12
BRF:0
BRH:0
end_of_record
TN:
SF:tests\setup.js
FN:6,(anonymous_0)
FN:12,(anonymous_1)
FN:18,(anonymous_2)
FNF:3
FNH:3
FNDA:3,(anonymous_0)
FNDA:3,(anonymous_1)
FNDA:31,(anonymous_2)
DA:1,3
DA:2,3
DA:6,3
DA:7,3
DA:8,3
DA:9,3
DA:12,3
DA:13,3
DA:14,3
DA:15,3
DA:18,3
DA:19,31
DA:20,31
DA:21,93
DA:22,93
LF:15
LH:15
BRF:0
BRH:0
end_of_record
